<?xml version="1.0" encoding="UTF-8"?>
<!-- Generated by org.testng.reporters.JUnitReportReporter -->
<testsuite skipped="0" hostname="NMSLAP494" name="stepDefinitions.FC2FCOrderMultipleLineItem_PartStock" tests="1" failures="0" timestamp="2023-02-13T10:49:50 IST" time="2.700" errors="0">
  <testcase name="FC2FCorder_PartStock" time="2.700" classname="stepDefinitions.FC2FCOrderMultipleLineItem_PartStock"/>
  <system-out/>
</testsuite> <!-- stepDefinitions.FC2FCOrderMultipleLineItem_PartStock -->
