<?xml version="1.0" encoding="UTF-8"?>
<!-- Generated by org.testng.reporters.JUnitReportReporter -->
<testsuite skipped="0" hostname="NMSLAP494" name="stepDefinitions.FC2FCOrderSingleLineItem_CGST" tests="1" failures="0" timestamp="2023-02-13T10:07:33 IST" time="2.710" errors="0">
  <testcase name="fc2fcOrderCreation_CGST" time="2.710" classname="stepDefinitions.FC2FCOrderSingleLineItem_CGST"/>
  <system-out/>
</testsuite> <!-- stepDefinitions.FC2FCOrderSingleLineItem_CGST -->
