<?xml version="1.0" encoding="UTF-8"?>
<!-- Generated by org.testng.reporters.JUnitReportReporter -->
<testsuite skipped="0" hostname="NMSLAP494" name="stepDefinitions.C2UpdateShippingStatus_Delivered" tests="1" failures="0" timestamp="2023-02-12T12:18:33 IST" time="1.695" errors="0">
  <testcase name="updateShippingStatus" time="1.695" classname="stepDefinitions.C2UpdateShippingStatus_Delivered"/>
  <system-out/>
</testsuite> <!-- stepDefinitions.C2UpdateShippingStatus_Delivered -->
