<?xml version="1.0" encoding="UTF-8"?>
<!-- Generated by org.testng.reporters.JUnitReportReporter -->
<testsuite skipped="0" hostname="NMSLAP494" name="stepDefinitions.FC2FCUpdateShippingStatus_Intransit" tests="1" failures="0" timestamp="2023-02-13T10:40:47 IST" time="1.799" errors="0">
  <testcase name="updateShippingStatusIntransit" time="1.799" classname="stepDefinitions.FC2FCUpdateShippingStatus_Intransit"/>
  <system-out/>
</testsuite> <!-- stepDefinitions.FC2FCUpdateShippingStatus_Intransit -->
