<?xml version="1.0" encoding="UTF-8"?>
<!-- Generated by org.testng.reporters.JUnitReportReporter -->
<testsuite hostname="NMSLAP494" failures="0" tests="3" name="StepDefinitions.CsquareCustomerOrder_IGST" time="9.924" errors="0" timestamp="2023-01-24T17:28:42 IST" skipped="0">
  <testcase classname="StepDefinitions.CsquareCustomerOrder_IGST" name="C2order" time="5.398"/>
  <system-out/>
  <testcase classname="StepDefinitions.CsquareCustomerOrder_IGST" name="generatepicklist" time="1.128"/>
  <system-out/>
  <testcase classname="StepDefinitions.CsquareCustomerOrder_IGST" name="makeinvoice" time="3.398"/>
  <system-out/>
</testsuite> <!-- StepDefinitions.CsquareCustomerOrder_IGST -->
