<?xml version="1.0" encoding="UTF-8"?>
<!-- Generated by org.testng.reporters.JUnitReportReporter -->
<testsuite hostname="NMSLAP494" failures="0" tests="1" name="StepDefinitions.C2UpdateShippingStatus" time="2.046" errors="0" timestamp="2023-01-30T17:35:12 IST" skipped="0">
  <testcase classname="StepDefinitions.C2UpdateShippingStatus" name="updateShippingStatus" time="2.046"/>
  <system-out/>
</testsuite> <!-- StepDefinitions.C2UpdateShippingStatus -->
