<?xml version="1.0" encoding="UTF-8"?>
<!-- Generated by org.testng.reporters.JUnitReportReporter -->
<testsuite skipped="0" hostname="NMSLAP494" name="stepDefinitions.B2COrderCancel" tests="1" failures="0" timestamp="2023-02-18T10:34:42 IST" time="2.095" errors="0">
  <testcase name="orderCancelOpenState" time="2.095" classname="stepDefinitions.B2COrderCancel"/>
  <system-out/>
</testsuite> <!-- stepDefinitions.B2COrderCancel -->
