<?xml version="1.0" encoding="UTF-8"?>
<!-- Generated by org.testng.reporters.JUnitReportReporter -->
<testsuite skipped="0" hostname="NMSLAP494" name="stepDefinitions.C2UpdateShippingStatus_Intransit" tests="1" failures="0" timestamp="2023-02-12T12:20:16 IST" time="1.664" errors="0">
  <testcase name="updateShippingStatusIntransit" time="1.664" classname="stepDefinitions.C2UpdateShippingStatus_Intransit"/>
  <system-out/>
</testsuite> <!-- stepDefinitions.C2UpdateShippingStatus_Intransit -->
