<?xml version="1.0" encoding="UTF-8"?>
<!-- Generated by org.testng.reporters.JUnitReportReporter -->
<testsuite skipped="0" hostname="NMSLAP494" name="stepDefinitions.C2CustomerOrderSingleLineItem_Nostock" tests="1" failures="0" timestamp="2023-02-14T11:36:09 IST" time="2.601" errors="0">
  <testcase name="C2order_Nostock" time="2.601" classname="stepDefinitions.C2CustomerOrderSingleLineItem_Nostock"/>
  <system-out/>
</testsuite> <!-- stepDefinitions.C2CustomerOrderSingleLineItem_Nostock -->
