<?xml version="1.0" encoding="UTF-8"?>
<!-- Generated by org.testng.reporters.JUnitReportReporter -->
<testsuite skipped="0" hostname="NMSLAP494" name="stepDefinitions.C2OrderCancelInvoiceState" tests="1" failures="0" timestamp="2023-02-13T10:34:17 IST" time="1.862" errors="0">
  <testcase name="cancelInvoice" time="1.862" classname="stepDefinitions.C2OrderCancelInvoiceState"/>
  <system-out/>
</testsuite> <!-- stepDefinitions.C2OrderCancelInvoiceState -->
