<?xml version="1.0" encoding="UTF-8"?>
<!-- Generated by org.testng.reporters.JUnitReportReporter -->
<testsuite skipped="0" hostname="NMSLAP494" name="stepDefinitions.FC2FCWithOutShortPick" tests="1" failures="0" timestamp="2023-02-13T10:47:06 IST" time="2.508" errors="0">
  <testcase name="withOutShortPick" time="2.508" classname="stepDefinitions.FC2FCWithOutShortPick"/>
  <system-out/>
</testsuite> <!-- stepDefinitions.FC2FCWithOutShortPick -->
