<?xml version="1.0" encoding="UTF-8"?>
<!-- Generated by org.testng.reporters.JUnitReportReporter -->
<testsuite skipped="0" hostname="NMSLAP494" name="stepDefinitions.FC2FCTransferOut" tests="1" failures="0" timestamp="2023-02-13T10:45:06 IST" time="2.791" errors="0">
  <testcase name="transferOut" time="2.791" classname="stepDefinitions.FC2FCTransferOut"/>
  <system-out/>
</testsuite> <!-- stepDefinitions.FC2FCTransferOut -->
