<?xml version="1.0" encoding="UTF-8"?>
<!-- Generated by org.testng.reporters.JUnitReportReporter -->
<testsuite skipped="0" hostname="NMSLAP494" name="stepDefinitions.FC2FCOrderSingleLineItem_IGST" tests="1" failures="0" timestamp="2023-02-13T10:12:26 IST" time="2.875" errors="0">
  <testcase name="fc2fcOrderCreation_IGST" time="2.875" classname="stepDefinitions.FC2FCOrderSingleLineItem_IGST"/>
  <system-out/>
</testsuite> <!-- stepDefinitions.FC2FCOrderSingleLineItem_IGST -->
