<?xml version="1.0" encoding="UTF-8"?>
<!-- Generated by org.testng.reporters.JUnitReportReporter -->
<testsuite skipped="0" hostname="NMSLAP494" name="stepDefinitions.B2COrderCreationSingleItem" tests="1" failures="0" timestamp="2023-02-14T10:00:08 IST" time="2.577" errors="0">
  <testcase name="makeInvoice" time="2.577" classname="stepDefinitions.B2COrderCreationSingleItem"/>
  <system-out/>
</testsuite> <!-- stepDefinitions.B2COrderCreationSingleItem -->
