<?xml version="1.0" encoding="UTF-8"?>
<!-- Generated by org.testng.reporters.JUnitReportReporter -->
<testsuite skipped="0" hostname="NMSLAP494" name="stepDefinitions.B2CGeneratePickListAndUnpickList" tests="1" failures="0" timestamp="2023-02-12T00:29:05 IST" time="1.680" errors="0">
  <testcase name="generateUnpickList" time="1.680" classname="stepDefinitions.B2CGeneratePickListAndUnpickList"/>
  <system-out/>
</testsuite> <!-- stepDefinitions.B2CGeneratePickListAndUnpickList -->
