<?xml version="1.0" encoding="UTF-8"?>
<!-- Generated by org.testng.reporters.JUnitReportReporter -->
<testsuite hostname="NMSLAP494" failures="0" tests="1" name="StepDefinitions.FC2FCOrderCancelInvoiceState" time="2.148" errors="0" timestamp="2023-02-03T14:58:34 IST" skipped="0">
  <testcase classname="StepDefinitions.FC2FCOrderCancelInvoiceState" name="fc2fcCancelInvoice" time="2.148"/>
  <system-out/>
</testsuite> <!-- StepDefinitions.FC2FCOrderCancelInvoiceState -->
