<?xml version="1.0" encoding="UTF-8"?>
<!-- Generated by org.testng.reporters.JUnitReportReporter -->
<testsuite hostname="NMSLAP494" failures="0" tests="2" name="StepDefinitions.C2OrderCancelOpenState_IGST" time="4.441" errors="0" timestamp="2023-01-25T14:02:45 IST" skipped="0">
  <testcase classname="StepDefinitions.C2OrderCancelOpenState_IGST" name="C2order" time="3.416"/>
  <system-out/>
  <testcase classname="StepDefinitions.C2OrderCancelOpenState_IGST" name="orderCancelOpenState" time="1.025"/>
  <system-out/>
</testsuite> <!-- StepDefinitions.C2OrderCancelOpenState_IGST -->
