<?xml version="1.0" encoding="UTF-8"?>
<!-- Generated by org.testng.reporters.JUnitReportReporter -->
<testsuite skipped="0" hostname="NMSLAP494" name="stepDefinitions.B2CGeneratePicklistSinlge" tests="1" failures="0" timestamp="2023-02-14T12:03:29 IST" time="2.605" errors="0">
  <testcase name="generatePicklist_CGST" time="2.605" classname="stepDefinitions.B2CGeneratePicklistSinlge"/>
  <system-out/>
</testsuite> <!-- stepDefinitions.B2CGeneratePicklistSinlge -->
