<?xml version="1.0" encoding="UTF-8"?>
<!-- Generated by org.testng.reporters.JUnitReportReporter -->
<testsuite hostname="NMSLAP494" failures="0" tests="1" name="StepDefinitions.FC2FCOrderSingleLineItem_Nostock" time="3.348" errors="0" timestamp="2023-02-03T13:27:11 IST" skipped="0">
  <testcase classname="StepDefinitions.FC2FCOrderSingleLineItem_Nostock" name="fc2fcOrderCreation_Nostock" time="3.348"/>
  <system-out/>
</testsuite> <!-- StepDefinitions.FC2FCOrderSingleLineItem_Nostock -->
