<?xml version="1.0" encoding="UTF-8"?>
<!-- Generated by org.testng.reporters.JUnitReportReporter -->
<testsuite hostname="NMSLAP494" failures="0" tests="1" name="StepDefinitions.C2OrderCancelPickingStateSingle_CGST_IGST" time="2.438" errors="0" timestamp="2023-01-27T16:53:23 IST" skipped="0">
  <testcase classname="StepDefinitions.C2OrderCancelPickingStateSingle_CGST_IGST" name="generatepickList" time="2.438"/>
  <system-out/>
</testsuite> <!-- StepDefinitions.C2OrderCancelPickingStateSingle_CGST_IGST -->
