<?xml version="1.0" encoding="UTF-8"?>
<!-- Generated by org.testng.reporters.JUnitReportReporter -->
<testsuite skipped="0" hostname="NMSLAP494" name="stepDefinitions.FC2FCOrderSingleLineItem" tests="5" failures="0" timestamp="2023-02-13T22:43:34 IST" time="6.021" errors="0">
  <testcase name="fc2fcOrderCreation" time="2.788" classname="stepDefinitions.FC2FCOrderSingleLineItem"/>
  <system-out/>
  <testcase name="fc2fcOrderCreation" time="0.798" classname="stepDefinitions.FC2FCOrderSingleLineItem"/>
  <system-out/>
  <testcase name="fc2fcOrderCreation" time="0.729" classname="stepDefinitions.FC2FCOrderSingleLineItem"/>
  <system-out/>
  <testcase name="fc2fcOrderCreation" time="0.765" classname="stepDefinitions.FC2FCOrderSingleLineItem"/>
  <system-out/>
  <testcase name="fc2fcOrderCreation" time="0.941" classname="stepDefinitions.FC2FCOrderSingleLineItem"/>
  <system-out/>
</testsuite> <!-- stepDefinitions.FC2FCOrderSingleLineItem -->
