<?xml version="1.0" encoding="UTF-8"?>
<!-- Generated by org.testng.reporters.JUnitReportReporter -->
<testsuite skipped="0" hostname="DESKTOP-CS1RTHN" name="stepDefinitions.MakeInvoice" tests="1" failures="0" timestamp="2023-03-03T11:51:58 IST" time="5.286" errors="0">
  <testcase name="transactionDownloadAsPDF" time="5.286" classname="stepDefinitions.MakeInvoice"/>
  <system-out/>
</testsuite> <!-- stepDefinitions.MakeInvoice -->
