<?xml version="1.0" encoding="UTF-8"?>
<!-- Generated by org.testng.reporters.JUnitReportReporter -->
<testsuite skipped="0" hostname="NMSLAP494" name="stepDefinitions.C2CustomerOrderSingleLineItem_CGST" tests="1" failures="0" timestamp="2023-02-14T11:35:29 IST" time="2.848" errors="0">
  <testcase name="C2order_CGST_SGST" time="2.848" classname="stepDefinitions.C2CustomerOrderSingleLineItem_CGST"/>
  <system-out/>
</testsuite> <!-- stepDefinitions.C2CustomerOrderSingleLineItem_CGST -->
