<?xml version="1.0" encoding="UTF-8"?>
<!-- Generated by org.testng.reporters.JUnitReportReporter -->
<testsuite hostname="NMSLAP494" failures="0" tests="1" name="StepDefinitions.FC2FCOrderSingleLineItem_PartStock" time="2.938" errors="0" timestamp="2023-02-04T15:02:22 IST" skipped="0">
  <testcase classname="StepDefinitions.FC2FCOrderSingleLineItem_PartStock" name="fc2fcOrderCreation_PartStock" time="2.938"/>
  <system-out/>
</testsuite> <!-- StepDefinitions.FC2FCOrderSingleLineItem_PartStock -->
