<?xml version="1.0" encoding="UTF-8"?>
<!-- Generated by org.testng.reporters.JUnitReportReporter -->
<testsuite skipped="0" hostname="NMSLAP494" name="stepDefinitions.B2COrderCreationMultipleItem" tests="1" failures="0" timestamp="2023-02-14T13:57:36 IST" time="3.446" errors="0">
  <testcase name="b2cOrder" time="3.446" classname="stepDefinitions.B2COrderCreationMultipleItem"/>
  <system-out/>
</testsuite> <!-- stepDefinitions.B2COrderCreationMultipleItem -->
