<?xml version="1.0" encoding="UTF-8"?>
<!-- Generated by org.testng.reporters.JUnitReportReporter -->
<testsuite hostname="NMSLAP494" failures="0" tests="1" name="StepDefinitions.CsquareCreateCustomer" time="6.307" errors="0" timestamp="2023-01-24T17:19:58 IST" skipped="0">
  <testcase classname="StepDefinitions.CsquareCreateCustomer" name="payloadCreate" time="6.307"/>
  <system-out/>
</testsuite> <!-- StepDefinitions.CsquareCreateCustomer -->
