<?xml version="1.0" encoding="UTF-8"?>
<!-- Generated by org.testng.reporters.JUnitReportReporter -->
<testsuite skipped="0" hostname="NMSLAP494" name="stepDefinitions.C2CreateCustomer" tests="1" failures="0" timestamp="2023-02-27T17:59:37 IST" time="3.761" errors="0">
  <testcase name="payloadCreate" time="3.761" classname="stepDefinitions.C2CreateCustomer"/>
  <system-out/>
</testsuite> <!-- stepDefinitions.C2CreateCustomer -->
