<?xml version="1.0" encoding="UTF-8"?>
<!-- Generated by org.testng.reporters.JUnitReportReporter -->
<testsuite skipped="0" hostname="NMSLAP494" name="stepDefinitions.C2OrderWithMultipleLineItem_PartStock" tests="1" failures="0" timestamp="2023-02-14T11:33:37 IST" time="2.544" errors="0">
  <testcase name="C2order_partStock" time="2.544" classname="stepDefinitions.C2OrderWithMultipleLineItem_PartStock"/>
  <system-out/>
</testsuite> <!-- stepDefinitions.C2OrderWithMultipleLineItem_PartStock -->
