<?xml version="1.0" encoding="UTF-8"?>
<!-- Generated by org.testng.reporters.JUnitReportReporter -->
<testsuite skipped="0" hostname="DESKTOP-CS1RTHN" name="runner.Test_Runner" tests="1" failures="0" timestamp="2023-03-03T11:38:47 IST" time="8.045" errors="0">
  <testcase name="runScenario" time="8.045" classname="runner.Test_Runner"/>
  <system-out/>
</testsuite> <!-- runner.Test_Runner -->
