<?xml version="1.0" encoding="UTF-8"?>
<!-- Generated by org.testng.reporters.JUnitReportReporter -->
<testsuite skipped="0" hostname="NMSLAP494" name="stepDefinitions.C2CustomerOrderSingleLineItem_IGST" tests="1" failures="0" timestamp="2023-02-14T11:35:45 IST" time="2.708" errors="0">
  <testcase name="C2order_IGST" time="2.708" classname="stepDefinitions.C2CustomerOrderSingleLineItem_IGST"/>
  <system-out/>
</testsuite> <!-- stepDefinitions.C2CustomerOrderSingleLineItem_IGST -->
