<?xml version="1.0" encoding="UTF-8"?>
<!-- Generated by org.testng.reporters.JUnitReportReporter -->
<testsuite hostname="NMSLAP494" failures="0" tests="3" name="StepDefinitions.C2CustomerOrder_IGST" time="6.469" errors="0" timestamp="2023-01-27T16:21:55 IST" skipped="0">
  <testcase classname="StepDefinitions.C2CustomerOrder_IGST" name="C2order" time="2.776"/>
  <system-out/>
  <testcase classname="StepDefinitions.C2CustomerOrder_IGST" name="generatepicklist" time="0.752"/>
  <system-out/>
  <testcase classname="StepDefinitions.C2CustomerOrder_IGST" name="makeinvoice" time="2.941"/>
  <system-out/>
</testsuite> <!-- StepDefinitions.C2CustomerOrder_IGST -->
