<?xml version="1.0" encoding="UTF-8"?>
<!-- Generated by org.testng.reporters.JUnitReportReporter -->
<testsuite hostname="NMSLAP494" failures="0" tests="3" name="StepDefinitions.C2OrderWithMultipleLineItem_IGST" time="8.713" errors="0" timestamp="2023-01-27T17:14:40 IST" skipped="0">
  <testcase classname="StepDefinitions.C2OrderWithMultipleLineItem_IGST" name="C2order" time="3.903"/>
  <system-out/>
  <testcase classname="StepDefinitions.C2OrderWithMultipleLineItem_IGST" name="generatepicklist" time="1.930"/>
  <system-out/>
  <testcase classname="StepDefinitions.C2OrderWithMultipleLineItem_IGST" name="makeInvoice" time="2.880"/>
  <system-out/>
</testsuite> <!-- StepDefinitions.C2OrderWithMultipleLineItem_IGST -->
