<?xml version="1.0" encoding="UTF-8"?>
<!-- Generated by org.testng.reporters.JUnitReportReporter -->
<testsuite skipped="0" hostname="NMSLAP494" name="stepDefinitions.FC2FCUpdateShippingStatus_Delivered" tests="2" failures="0" timestamp="2023-02-13T10:39:28 IST" time="2.916" errors="0">
  <testcase name="OrderStatusByOrderId" time="2.328" classname="stepDefinitions.FC2FCUpdateShippingStatus_Delivered"/>
  <system-out/>
  <testcase name="updateShippingStatusAsDelivered" time="0.588" classname="stepDefinitions.FC2FCUpdateShippingStatus_Delivered"/>
  <system-out/>
</testsuite> <!-- stepDefinitions.FC2FCUpdateShippingStatus_Delivered -->
